#
# A fatal error has been detected by the Java Runtime Environment:
#
#  EXCEPTION_ACCESS_VIOLATION (0xc0000005) at pc=0x5226c8e6, pid=1572, tid=3756
#
# JRE version: Java(TM) SE Runtime Environment (8.0_31-b13) (build 1.8.0_31-b13)
# Java VM: Java HotSpot(TM) Client VM (25.31-b07 mixed mode, sharing windows-x86 )
# Problematic frame:
# C  [ig7icd32.dll+0x7c8e6]
#
# Failed to write core dump. Minidumps are not enabled by default on client versions of Windows
#
# If you would like to submit a bug report, please visit:
#   http://bugreport.java.com/bugreport/crash.jsp
# The crash happened outside the Java Virtual Machine in native code.
# See problematic frame for where to report the bug.
#

---------------  T H R E A D  ---------------

Current thread (0x016dc400):  JavaThread "main" [_thread_in_native, id=3756, stack(0x018c0000,0x01910000)]

siginfo: ExceptionCode=0xc0000005, writing address 0x00000004

Registers:
EAX=0x155a0ac8, EBX=0x0038f504, ECX=0x00000004, EDX=0x00008000
ESP=0x0190f2ec, EBP=0x0190f328, ESI=0x0190f35c, EDI=0x00008001
EIP=0x5226c8e6, EFLAGS=0x00010202

Top of Stack: (sp=0x0190f2ec)
0x0190f2ec:   00008001 5226b665 0190f35c 0038f504
0x0190f2fc:   21ad2308 ffffff00 21ad630c 00008000
0x0190f30c:   00000457 00000000 ffffff00 0190f304
0x0190f31c:   0190faa8 52817470 00000000 0038f4f4
0x0190f32c:   523cf335 21ad2308 00000000 0190f35c
0x0190f33c:   0038f4d8 000043e8 0038f4d8 00000001
0x0190f34c:   01d6ca3d 016dc538 523cf073 0190f378
0x0190f35c:   155a0ac8 75229d68 000043e8 15540050 

Instructions: (pc=0x5226c8e6)
0x5226c8c6:   cc cc cc cc cc cc cc cc cc cc 85 d2 74 1b 56 8b
0x5226c8d6:   74 24 08 8d a4 24 00 00 00 00 85 c9 74 04 8b 06
0x5226c8e6:   89 01 83 c1 04 4a 75 f2 5e c2 10 00 cc cc cc cc
0x5226c8f6:   cc cc cc cc cc cc cc cc cc cc 8b 44 24 04 56 8b 


Register to memory mapping:

EAX=0x155a0ac8 is an unknown value
EBX=0x0038f504 is an unknown value
ECX=0x00000004 is an unknown value
EDX=0x00008000 is an unknown value
ESP=0x0190f2ec is pointing into the stack for thread: 0x016dc400
EBP=0x0190f328 is pointing into the stack for thread: 0x016dc400
ESI=0x0190f35c is pointing into the stack for thread: 0x016dc400
EDI=0x00008001 is an unknown value


Stack: [0x018c0000,0x01910000],  sp=0x0190f2ec,  free space=316k
Native frames: (J=compiled Java code, j=interpreted, Vv=VM code, C=native code)
C  [ig7icd32.dll+0x7c8e6]
C  [ig7icd32.dll+0x1df335]

Java frames: (J=compiled Java code, j=interpreted, Vv=VM code)
J 423  org.lwjgl.opengl.GL11.nglBindTexture(IIJ)V (0 bytes) @ 0x01d1266f [0x01d12620+0x4f]
J 698 C1 org.newdawn.slick.opengl.InternalTextureLoader.getTexture(Ljava/io/InputStream;Ljava/lang/String;IIIZ[I)Lorg/newdawn/slick/opengl/TextureImpl; (325 bytes) @ 0x01d7039c [0x01d700b0+0x2ec]
J 697 C1 org.newdawn.slick.opengl.InternalTextureLoader.getTexture(Ljava/io/InputStream;Ljava/lang/String;ZI[I)Lorg/newdawn/slick/opengl/TextureImpl; (290 bytes) @ 0x01d6e980 [0x01d6e410+0x570]
J 640 C1 org.newdawn.slick.opengl.TextureLoader.getTexture(Ljava/lang/String;Ljava/io/InputStream;ZI)Lorg/newdawn/slick/opengl/Texture; (36 bytes) @ 0x01d59860 [0x01d596d0+0x190]
J 670 C1 cs.lucioben.game.base.GameObject.loadTexture(Ljava/lang/String;)Lorg/newdawn/slick/opengl/Texture; (32 bytes) @ 0x01d64f74 [0x01d64eb0+0xc4]
J 469 C1 cs.lucioben.game.GameObjects.Enemy.update()V (180 bytes) @ 0x01d2db00 [0x01d2d8c0+0x240]
J 438% C1 cs.lucioben.game.base.Game.gameLoop()V (445 bytes) @ 0x01d19c44 [0x01d193e0+0x864]
j  cs.lucioben.game.base.Game.start([Lcs/lucioben/game/base/Scene;)V+13
j  cs.lucioben.game.base.Application.main([Ljava/lang/String;)V+57
v  ~StubRoutines::call_stub

---------------  P R O C E S S  ---------------

Java Threads: ( => current thread )
  0x1510c400 JavaThread "LWJGL Timer" daemon [_thread_blocked, id=5304, stack(0x18850000,0x188a0000)]
  0x150b7800 JavaThread "AWT-Windows" daemon [_thread_in_native, id=4872, stack(0x18000000,0x18050000)]
  0x1711a400 JavaThread "Java2D Disposer" daemon [_thread_blocked, id=5724, stack(0x18130000,0x18180000)]
  0x01760400 JavaThread "Service Thread" daemon [_thread_blocked, id=3620, stack(0x14760000,0x147b0000)]
  0x01738400 JavaThread "C1 CompilerThread0" daemon [_thread_blocked, id=2740, stack(0x147c0000,0x14810000)]
  0x01737000 JavaThread "Attach Listener" daemon [_thread_blocked, id=5920, stack(0x146a0000,0x146f0000)]
  0x01734000 JavaThread "Signal Dispatcher" daemon [_thread_blocked, id=5412, stack(0x14ed0000,0x14f20000)]
  0x01728400 JavaThread "Finalizer" daemon [_thread_blocked, id=4452, stack(0x14e30000,0x14e80000)]
  0x01722400 JavaThread "Reference Handler" daemon [_thread_blocked, id=6088, stack(0x14650000,0x146a0000)]
=>0x016dc400 JavaThread "main" [_thread_in_native, id=3756, stack(0x018c0000,0x01910000)]

Other Threads:
  0x01721400 VMThread [stack: 0x14820000,0x14870000] [id=4448]
  0x01761800 WatcherThread [stack: 0x14fa0000,0x14ff0000] [id=4332]

VM state:not at safepoint (normal execution)

VM Mutex/Monitor currently owned by a thread: None

Heap:
 def new generation   total 4992K, used 3684K [0x03c00000, 0x04160000, 0x09150000)
  eden space 4480K,  76% used [0x03c00000, 0x03f58da0, 0x04060000)
  from space 512K,  50% used [0x04060000, 0x040a0470, 0x040e0000)
  to   space 512K,   0% used [0x040e0000, 0x040e0000, 0x04160000)
 tenured generation   total 10944K, used 10699K [0x09150000, 0x09c00000, 0x13c00000)
   the space 10944K,  97% used [0x09150000, 0x09bc2e78, 0x09bc3000, 0x09c00000)
 Metaspace       used 1745K, capacity 3210K, committed 3264K, reserved 4480K

Card table byte_map: [0x13c00000,0x13c90000] byte_map_base: 0x13be2000

Polling page: 0x012d0000

CodeCache: size=32768Kb used=1720Kb max_used=1720Kb free=31047Kb
 bounds [0x01be0000, 0x01d90000, 0x03be0000]
 total_blobs=1028 nmethods=758 adapters=202
 compilation: enabled

Compilation events (10 events):
Event: 39.037 Thread 0x01738400  757             cs.lucioben.game.base.FPSCounter::updateFPS (59 bytes)
Event: 39.039 Thread 0x01738400 nmethod 757 0x01d8b908 code [0x01d8ba50, 0x01d8bd2c]
Event: 40.359 Thread 0x01738400  758   !         java.io.PrintStream::write (83 bytes)
Event: 40.359 Thread 0x01738400 nmethod 758 0x01d8bf88 code [0x01d8c100, 0x01d8c4f4]
Event: 40.360 Thread 0x01738400  759   !         java.io.PrintStream::newLine (73 bytes)
Event: 40.360 Thread 0x01738400 nmethod 759 0x01d8ca48 code [0x01d8cbb0, 0x01d8cf68]
Event: 42.360 Thread 0x01738400  760             java.lang.Integer::toString (48 bytes)
Event: 42.360 Thread 0x01738400 nmethod 760 0x01d8d488 code [0x01d8d5b0, 0x01d8d7bc]
Event: 53.811 Thread 0x01738400  761 % !         java.lang.ref.Finalizer$FinalizerThread::run @ 33 (55 bytes)
Event: 53.812 Thread 0x01738400 nmethod 761% 0x01d8d9c8 code [0x01d8db20, 0x01d8ded4]

GC Heap History (10 events):
Event: 109.867 GC heap before
{Heap before GC invocations=366 (full 1):
 def new generation   total 4992K, used 4709K [0x03c00000, 0x04160000, 0x09150000)
  eden space 4480K,  99% used [0x03c00000, 0x0405b110, 0x04060000)
  from space 512K,  48% used [0x040e0000, 0x0411e538, 0x04160000)
  to   space 512K,   0% used [0x04060000, 0x04060000, 0x040e0000)
 tenured generation   total 10944K, used 10621K [0x09150000, 0x09c00000, 0x13c00000)
   the space 10944K,  97% used [0x09150000, 0x09baf708, 0x09baf800, 0x09c00000)
 Metaspace       used 1745K, capacity 3210K, committed 3264K, reserved 4480K
Event: 109.869 GC heap after
Heap after GC invocations=367 (full 1):
 def new generation   total 4992K, used 272K [0x03c00000, 0x04160000, 0x09150000)
  eden space 4480K,   0% used [0x03c00000, 0x03c00000, 0x04060000)
  from space 512K,  53% used [0x04060000, 0x040a4168, 0x040e0000)
  to   space 512K,   0% used [0x040e0000, 0x040e0000, 0x04160000)
 tenured generation   total 10944K, used 10621K [0x09150000, 0x09c00000, 0x13c00000)
   the space 10944K,  97% used [0x09150000, 0x09baf708, 0x09baf800, 0x09c00000)
 Metaspace       used 1745K, capacity 3210K, committed 3264K, reserved 4480K
}
Event: 110.136 GC heap before
{Heap before GC invocations=367 (full 1):
 def new generation   total 4992K, used 4742K [0x03c00000, 0x04160000, 0x09150000)
  eden space 4480K,  99% used [0x03c00000, 0x0405d8d8, 0x04060000)
  from space 512K,  53% used [0x04060000, 0x040a4168, 0x040e0000)
  to   space 512K,   0% used [0x040e0000, 0x040e0000, 0x04160000)
 tenured generation   total 10944K, used 10621K [0x09150000, 0x09c00000, 0x13c00000)
   the space 10944K,  97% used [0x09150000, 0x09baf708, 0x09baf800, 0x09c00000)
 Metaspace       used 1745K, capacity 3210K, committed 3264K, reserved 4480K
Event: 110.138 GC heap after
Heap after GC invocations=368 (full 1):
 def new generation   total 4992K, used 257K [0x03c00000, 0x04160000, 0x09150000)
  eden space 4480K,   0% used [0x03c00000, 0x03c00000, 0x04060000)
  from space 512K,  50% used [0x040e0000, 0x04120640, 0x04160000)
  to   space 512K,   0% used [0x04060000, 0x04060000, 0x040e0000)
 tenured generation   total 10944K, used 10652K [0x09150000, 0x09c00000, 0x13c00000)
   the space 10944K,  97% used [0x09150000, 0x09bb7308, 0x09bb7400, 0x09c00000)
 Metaspace       used 1745K, capacity 3210K, committed 3264K, reserved 4480K
}
Event: 110.386 GC heap before
{Heap before GC invocations=368 (full 1):
 def new generation   total 4992K, used 4701K [0x03c00000, 0x04160000, 0x09150000)
  eden space 4480K,  99% used [0x03c00000, 0x04057140, 0x04060000)
  from space 512K,  50% used [0x040e0000, 0x04120640, 0x04160000)
  to   space 512K,   0% used [0x04060000, 0x04060000, 0x040e0000)
 tenured generation   total 10944K, used 10652K [0x09150000, 0x09c00000, 0x13c00000)
   the space 10944K,  97% used [0x09150000, 0x09bb7308, 0x09bb7400, 0x09c00000)
 Metaspace       used 1745K, capacity 3210K, committed 3264K, reserved 4480K
Event: 110.388 GC heap after
Heap after GC invocations=369 (full 1):
 def new generation   total 4992K, used 257K [0x03c00000, 0x04160000, 0x09150000)
  eden space 4480K,   0% used [0x03c00000, 0x03c00000, 0x04060000)
  from space 512K,  50% used [0x04060000, 0x040a05c0, 0x040e0000)
  to   space 512K,   0% used [0x040e0000, 0x040e0000, 0x04160000)
 tenured generation   total 10944K, used 10668K [0x09150000, 0x09c00000, 0x13c00000)
   the space 10944K,  97% used [0x09150000, 0x09bbb118, 0x09bbb200, 0x09c00000)
 Metaspace       used 1745K, capacity 3210K, committed 3264K, reserved 4480K
}
Event: 110.663 GC heap before
{Heap before GC invocations=369 (full 1):
 def new generation   total 4992K, used 4737K [0x03c00000, 0x04160000, 0x09150000)
  eden space 4480K, 100% used [0x03c00000, 0x04060000, 0x04060000)
  from space 512K,  50% used [0x04060000, 0x040a05c0, 0x040e0000)
  to   space 512K,   0% used [0x040e0000, 0x040e0000, 0x04160000)
 tenured generation   total 10944K, used 10668K [0x09150000, 0x09c00000, 0x13c00000)
   the space 10944K,  97% used [0x09150000, 0x09bbb118, 0x09bbb200, 0x09c00000)
 Metaspace       used 1745K, capacity 3210K, committed 3264K, reserved 4480K
Event: 110.665 GC heap after
Heap after GC invocations=370 (full 1):
 def new generation   total 4992K, used 257K [0x03c00000, 0x04160000, 0x09150000)
  eden space 4480K,   0% used [0x03c00000, 0x03c00000, 0x04060000)
  from space 512K,  50% used [0x040e0000, 0x041205c0, 0x04160000)
  to   space 512K,   0% used [0x04060000, 0x04060000, 0x040e0000)
 tenured generation   total 10944K, used 10683K [0x09150000, 0x09c00000, 0x13c00000)
   the space 10944K,  97% used [0x09150000, 0x09bbef40, 0x09bbf000, 0x09c00000)
 Metaspace       used 1745K, capacity 3210K, committed 3264K, reserved 4480K
}
Event: 110.933 GC heap before
{Heap before GC invocations=370 (full 1):
 def new generation   total 4992K, used 4737K [0x03c00000, 0x04160000, 0x09150000)
  eden space 4480K, 100% used [0x03c00000, 0x04060000, 0x04060000)
  from space 512K,  50% used [0x040e0000, 0x041205c0, 0x04160000)
  to   space 512K,   0% used [0x04060000, 0x04060000, 0x040e0000)
 tenured generation   total 10944K, used 10683K [0x09150000, 0x09c00000, 0x13c00000)
   the space 10944K,  97% used [0x09150000, 0x09bbef40, 0x09bbf000, 0x09c00000)
 Metaspace       used 1745K, capacity 3210K, committed 3264K, reserved 4480K
Event: 110.935 GC heap after
Heap after GC invocations=371 (full 1):
 def new generation   total 4992K, used 257K [0x03c00000, 0x04160000, 0x09150000)
  eden space 4480K,   0% used [0x03c00000, 0x03c00000, 0x04060000)
  from space 512K,  50% used [0x04060000, 0x040a0470, 0x040e0000)
  to   space 512K,   0% used [0x040e0000, 0x040e0000, 0x04160000)
 tenured generation   total 10944K, used 10699K [0x09150000, 0x09c00000, 0x13c00000)
   the space 10944K,  97% used [0x09150000, 0x09bc2e78, 0x09bc3000, 0x09c00000)
 Metaspace       used 1745K, capacity 3210K, committed 3264K, reserved 4480K
}

Deoptimization events (0 events):
No events

Internal exceptions (10 events):
Event: 1.671 Thread 0x016dc400 Exception <a 'java/security/PrivilegedActionException'> (0x03e8c090) thrown at [C:\re\workspace\8-2-build-windows-i586-cygwin\jdk8u31\2394\hotspot\src\share\vm\prims\jvm.cpp, line 1312]
Event: 1.713 Thread 0x016dc400 Exception <a 'java/io/FileNotFoundException'> (0x03f97770) thrown at [C:\re\workspace\8-2-build-windows-i586-cygwin\jdk8u31\2394\hotspot\src\share\vm\prims\jni.cpp, line 716]
Event: 1.854 Thread 0x016dc400 Exception <a 'java/security/PrivilegedActionException'> (0x03d330d0) thrown at [C:\re\workspace\8-2-build-windows-i586-cygwin\jdk8u31\2394\hotspot\src\share\vm\prims\jvm.cpp, line 1312]
Event: 2.043 Thread 0x016dc400 Exception <a 'java/security/PrivilegedActionException'> (0x03cf3178) thrown at [C:\re\workspace\8-2-build-windows-i586-cygwin\jdk8u31\2394\hotspot\src\share\vm\prims\jvm.cpp, line 1312]
Event: 2.044 Thread 0x016dc400 Exception <a 'java/security/PrivilegedActionException'> (0x03cf6a58) thrown at [C:\re\workspace\8-2-build-windows-i586-cygwin\jdk8u31\2394\hotspot\src\share\vm\prims\jvm.cpp, line 1312]
Event: 2.045 Thread 0x016dc400 Exception <a 'java/security/PrivilegedActionException'> (0x03cf9fa8) thrown at [C:\re\workspace\8-2-build-windows-i586-cygwin\jdk8u31\2394\hotspot\src\share\vm\prims\jvm.cpp, line 1312]
Event: 2.360 Thread 0x016dc400 Exception <a 'java/security/PrivilegedActionException'> (0x03cfd028) thrown at [C:\re\workspace\8-2-build-windows-i586-cygwin\jdk8u31\2394\hotspot\src\share\vm\prims\jvm.cpp, line 1312]
Event: 2.371 Thread 0x016dc400 Exception <a 'java/security/PrivilegedActionException'> (0x03d2dc08) thrown at [C:\re\workspace\8-2-build-windows-i586-cygwin\jdk8u31\2394\hotspot\src\share\vm\prims\jvm.cpp, line 1312]
Event: 2.562 Thread 0x016dc400 Exception <a 'java/security/PrivilegedActionException'> (0x03d004c8) thrown at [C:\re\workspace\8-2-build-windows-i586-cygwin\jdk8u31\2394\hotspot\src\share\vm\prims\jvm.cpp, line 1312]
Event: 2.562 Thread 0x016dc400 Exception <a 'java/security/PrivilegedActionException'> (0x03d01a50) thrown at [C:\re\workspace\8-2-build-windows-i586-cygwin\jdk8u31\2394\hotspot\src\share\vm\prims\jvm.cpp, line 1312]

Events (10 events):
Event: 109.867 Executing VM operation: GenCollectForAllocation
Event: 109.869 Executing VM operation: GenCollectForAllocation done
Event: 110.136 Executing VM operation: GenCollectForAllocation
Event: 110.138 Executing VM operation: GenCollectForAllocation done
Event: 110.386 Executing VM operation: GenCollectForAllocation
Event: 110.388 Executing VM operation: GenCollectForAllocation done
Event: 110.663 Executing VM operation: GenCollectForAllocation
Event: 110.666 Executing VM operation: GenCollectForAllocation done
Event: 110.933 Executing VM operation: GenCollectForAllocation
Event: 110.935 Executing VM operation: GenCollectForAllocation done


Dynamic libraries:
0x00390000 - 0x003c0000 	C:\Program Files\Java\jre1.8.0_31\bin\javaw.exe
0x76f70000 - 0x770b1000 	C:\windows\SYSTEM32\ntdll.dll
0x75ba0000 - 0x75c74000 	C:\windows\system32\kernel32.dll
0x75240000 - 0x7528b000 	C:\windows\system32\KERNELBASE.dll
0x74dc0000 - 0x74e2e000 	C:\windows\System32\SYSFER.DLL
0x75860000 - 0x75901000 	C:\windows\system32\ADVAPI32.dll
0x77110000 - 0x771bc000 	C:\windows\system32\msvcrt.dll
0x75910000 - 0x75929000 	C:\windows\SYSTEM32\sechost.dll
0x75710000 - 0x757b2000 	C:\windows\system32\RPCRT4.dll
0x75c80000 - 0x75d49000 	C:\windows\system32\USER32.dll
0x75560000 - 0x755ae000 	C:\windows\system32\GDI32.dll
0x754b0000 - 0x754ba000 	C:\windows\system32\LPK.dll
0x757c0000 - 0x7585d000 	C:\windows\system32\USP10.dll
0x73dc0000 - 0x73f5e000 	C:\windows\WinSxS\x86_microsoft.windows.common-controls_6595b64144ccf1df_6.0.7601.18807_none_41e554362bd82458\COMCTL32.dll
0x75290000 - 0x752e7000 	C:\windows\system32\SHLWAPI.dll
0x76f50000 - 0x76f6f000 	C:\windows\system32\IMM32.DLL
0x75930000 - 0x759fc000 	C:\windows\system32\MSCTF.dll
0x63c70000 - 0x63d2f000 	C:\Program Files\Java\jre1.8.0_31\bin\msvcr100.dll
0x5e840000 - 0x5ebe4000 	C:\Program Files\Java\jre1.8.0_31\bin\client\jvm.dll
0x6f040000 - 0x6f047000 	C:\windows\system32\WSOCK32.dll
0x75470000 - 0x754a5000 	C:\windows\system32\WS2_32.dll
0x75550000 - 0x75556000 	C:\windows\system32\NSI.dll
0x736a0000 - 0x736d2000 	C:\windows\system32\WINMM.dll
0x75df0000 - 0x75df5000 	C:\windows\system32\PSAPI.DLL
0x710d0000 - 0x710dc000 	C:\Program Files\Java\jre1.8.0_31\bin\verify.dll
0x63d70000 - 0x63d91000 	C:\Program Files\Java\jre1.8.0_31\bin\java.dll
0x6a1a0000 - 0x6a1b3000 	C:\Program Files\Java\jre1.8.0_31\bin\zip.dll
0x76040000 - 0x76c8b000 	C:\windows\system32\SHELL32.dll
0x755b0000 - 0x7570c000 	C:\windows\system32\ole32.dll
0x74f70000 - 0x74f7b000 	C:\windows\system32\profapi.dll
0x01620000 - 0x0166f000 	C:\Users\student\Documents\School\Comp. 2673\Git\cs3game\lib\native\windows\lwjgl.dll
0x61600000 - 0x616c8000 	C:\windows\system32\OPENGL32.dll
0x63da0000 - 0x63dc2000 	C:\windows\system32\GLU32.dll
0x61310000 - 0x613f7000 	C:\windows\system32\DDRAW.dll
0x73ab0000 - 0x73ab6000 	C:\windows\system32\DCIMAN32.dll
0x75a00000 - 0x75b9d000 	C:\windows\system32\SETUPAPI.dll
0x751a0000 - 0x751c7000 	C:\windows\system32\CFGMGR32.dll
0x75d50000 - 0x75ddf000 	C:\windows\system32\OLEAUT32.dll
0x750e0000 - 0x750f2000 	C:\windows\system32\DEVOBJ.dll
0x73600000 - 0x73613000 	C:\windows\system32\dwmapi.dll
0x74360000 - 0x74369000 	C:\windows\system32\VERSION.dll
0x521f0000 - 0x52a37000 	C:\windows\system32\ig7icd32.dll
0x74e80000 - 0x74e8c000 	C:\windows\system32\CRYPTBASE.dll
0x5a740000 - 0x5a7b9000 	C:\windows\system32\mscms.dll
0x750c0000 - 0x750d7000 	C:\windows\system32\USERENV.dll
0x5a460000 - 0x5a498000 	C:\windows\system32\icm32.dll
0x58de0000 - 0x58f26000 	C:\Program Files\Java\jre1.8.0_31\bin\awt.dll
0x74950000 - 0x74967000 	C:\windows\system32\CRYPTSP.dll
0x746f0000 - 0x7472b000 	C:\windows\system32\rsaenh.dll
0x63d50000 - 0x63d65000 	C:\Program Files\Java\jre1.8.0_31\bin\net.dll
0x74910000 - 0x7494c000 	C:\windows\system32\mswsock.dll
0x74900000 - 0x74906000 	C:\windows\System32\wship6.dll
0x728f0000 - 0x7290c000 	C:\windows\system32\IPHLPAPI.DLL
0x728e0000 - 0x728e7000 	C:\windows\system32\WINNSI.DLL
0x72720000 - 0x72732000 	C:\windows\system32\dhcpcsvc.DLL
0x72710000 - 0x7271d000 	C:\windows\system32\dhcpcsvc6.DLL
0x72d70000 - 0x72d7f000 	C:\Program Files\Java\jre1.8.0_31\bin\nio.dll
0x6a2b0000 - 0x6a2e9000 	C:\Program Files\Java\jre1.8.0_31\bin\fontmanager.dll
0x63c40000 - 0x63c70000 	C:\Program Files\Java\jre1.8.0_31\bin\t2k.dll

VM Arguments:
jvm_args: -Djava.library.path=C:\Users\student\Documents\School\Comp. 2673\Git\cs3game\lib\native\windows -Dfile.encoding=Cp1252 
java_command: cs.lucioben.game.base.Application
java_class_path (initial): C:\Users\student\Documents\School\Comp. 2673\Git\cs3game\bin;C:\Users\student\Documents\School\Comp. 2673\Git\cs3game\lib\jars\lwjgl_util.jar;C:\Users\student\Documents\School\Comp. 2673\Git\cs3game\lib\jars\lwjgl.jar;C:\Users\student\Documents\School\Comp. 2673\Git\cs3game\lib\jars\slick-util.jar
Launcher Type: SUN_STANDARD

Environment Variables:
PATH=C:/Program Files/Java/jre1.8.0_31/bin/client;C:/Program Files/Java/jre1.8.0_31/bin;C:/Program Files/Java/jre1.8.0_31/lib/i386;C:\Program Files\Common Files\Microsoft Shared\Windows Live;C:\ProgramData\Oracle\Java\javapath;C:\Oracle11g_client\product\11.2.0\client_1\bin;C:\windows\system32;C:\windows;C:\windows\System32\Wbem;C:\windows\System32\WindowsPowerShell\v1.0\;C:\Program Files\PharosSystems\Core;C:\Program Files\Microsoft SQL Server\110\Tools\Binn\;C:\Program Files\Microsoft SDKs\TypeScript\1.0\;C:\Program Files\nodejs\;C:\Program Files\Git\cmd;C:\Program Files\Skype\Phone\;C:\Program Files\Windows Live\Shared;C:\Program Files\QuickTime\QTSystem\;C:\Program Files\Java\jdk1.8.0_31\bin;C:\Oracle11g_client\product\11.2.0\client_1\bin;C:\windows\system32;C:\windows;C:\windows\System32\Wbem;C:\windows\System32\WindowsPowerShell\v1.0\;C:\Program Files\PharosSystems\Core;C:\Program Files\Microsoft SQL Server\110\Tools\Binn\;C:\Program Files\Microsoft SDKs\TypeScript\1.0\;C:\Program Files\QuickTime\QTSystem\;C:\Program Files\SSH Communications Security\SSH Secure Shell;C:\Python34\Scripts;C:\Users\student\AppData\Roaming\npm;C:\Program Files\eclipse;
USERNAME=student
OS=Windows_NT
PROCESSOR_IDENTIFIER=x86 Family 6 Model 58 Stepping 9, GenuineIntel



---------------  S Y S T E M  ---------------

OS: Windows 7 Build 7601 Service Pack 1

CPU:total 4 (2 cores per cpu, 2 threads per core) family 6 model 58 stepping 9, cmov, cx8, fxsr, mmx, sse, sse2, sse3, ssse3, sse4.1, sse4.2, popcnt, avx, aes, clmul, erms, ht, tsc, tscinvbit, tscinv

Memory: 4k page, physical 3580300k(240896k free), swap 7158872k(3373292k free)

vm_info: Java HotSpot(TM) Client VM (25.31-b07) for windows-x86 JRE (1.8.0_31-b13), built on Dec 17 2014 20:46:12 by "java_re" with MS VC++ 10.0 (VS2010)

time: Tue Jun 02 11:53:53 2015
elapsed time: 111 seconds (0d 0h 1m 51s)

